<?xml version="1.0" encoding="UTF-8"?>
<testsuite hostname="DESKTOP-GET1OHG" failures="1" tests="4" name="test.SampleA2" time="208.669" errors="0" timestamp="16 Apr 2024 14:13:50 GMT">
  <testcase classname="test.SampleA2" name="EdgeExecution" time="10.617"/>
  <testcase classname="test.SampleA2" name="ChromeExecution" time="11.966"/>
  <testcase classname="test.SampleA2" name="FireFoxExecution" time="24.819"/>
  <testcase classname="test.SampleA2" name="IEExecution" time="186.041">
    <failure type="org.openqa.selenium.TimeoutException" message="java.util.concurrent.TimeoutException
Build info: version: &amp;apos;4.18.0&amp;apos;, revision: &amp;apos;b6bf9de7cc*&amp;apos;
System info: os.name: &amp;apos;Windows 10&amp;apos;, os.arch: &amp;apos;amd64&amp;apos;, os.version: &amp;apos;10.0&amp;apos;, java.version: &amp;apos;15.0.2&amp;apos;
Driver info: org.openqa.selenium.ie.InternetExplorerDriver
Command: [47de1ae7-db90-412e-bd50-ca9d503519de, get {url=https://www.saucedemo.com/}]
Capabilities {acceptInsecureCerts: false, browserName: internet explorer, browserVersion: 11, pageLoadStrategy: normal, platformName: windows, proxy: Proxy(), se:ieOptions: {browserAttachTimeout: 0, elementScrollBehavior: 0, enablePersistentHover: true, ie.browserCommandLineSwitches: , ie.edgechromium: false, ie.edgepath: , ie.ensureCleanSession: false, ie.fileUploadDialogTimeout: 3000, ie.forceCreateProcessApi: false, ie.ignoreprocessmatch: false, ignoreProtectedModeSettings: false, ignoreZoomSetting: true, initialBrowserUrl: http://localhost:25658/, nativeEvents: true, requireWindowFocus: false}, setWindowRect: true, strictFileInteractability: false, timeouts: {implicit: 0, pageLoad: 300000, script: 30000}, unhandledPromptBehavior: dismiss and notify}
Session ID: 47de1ae7-db90-412e-bd50-ca9d503519de">
      <![CDATA[org.openqa.selenium.TimeoutException: java.util.concurrent.TimeoutException
Build info: version: '4.18.0', revision: 'b6bf9de7cc*'
System info: os.name: 'Windows 10', os.arch: 'amd64', os.version: '10.0', java.version: '15.0.2'
Driver info: org.openqa.selenium.ie.InternetExplorerDriver
Command: [47de1ae7-db90-412e-bd50-ca9d503519de, get {url=https://www.saucedemo.com/}]
Capabilities {acceptInsecureCerts: false, browserName: internet explorer, browserVersion: 11, pageLoadStrategy: normal, platformName: windows, proxy: Proxy(), se:ieOptions: {browserAttachTimeout: 0, elementScrollBehavior: 0, enablePersistentHover: true, ie.browserCommandLineSwitches: , ie.edgechromium: false, ie.edgepath: , ie.ensureCleanSession: false, ie.fileUploadDialogTimeout: 3000, ie.forceCreateProcessApi: false, ie.ignoreprocessmatch: false, ignoreProtectedModeSettings: false, ignoreZoomSetting: true, initialBrowserUrl: http://localhost:25658/, nativeEvents: true, requireWindowFocus: false}, setWindowRect: true, strictFileInteractability: false, timeouts: {implicit: 0, pageLoad: 300000, script: 30000}, unhandledPromptBehavior: dismiss and notify}
Session ID: 47de1ae7-db90-412e-bd50-ca9d503519de
	at org.openqa.selenium.remote.http.jdk.JdkHttpClient.execute0(JdkHttpClient.java:403)
	at org.openqa.selenium.remote.http.AddSeleniumUserAgent.lambda$apply$0(AddSeleniumUserAgent.java:42)
	at org.openqa.selenium.remote.http.Filter.lambda$andFinally$1(Filter.java:55)
	at org.openqa.selenium.remote.http.jdk.JdkHttpClient.execute(JdkHttpClient.java:359)
	at org.openqa.selenium.remote.HttpCommandExecutor.execute(HttpCommandExecutor.java:187)
	at org.openqa.selenium.remote.service.DriverCommandExecutor.invokeExecute(DriverCommandExecutor.java:216)
	at org.openqa.selenium.remote.service.DriverCommandExecutor.execute(DriverCommandExecutor.java:174)
	at org.openqa.selenium.remote.RemoteWebDriver.execute(RemoteWebDriver.java:519)
	at org.openqa.selenium.remote.RemoteWebDriver.get(RemoteWebDriver.java:301)
	at test.SampleA2.IEExecution(SampleA2.java:50)
	at java.base/java.util.concurrent.ThreadPoolExecutor.runWorker(ThreadPoolExecutor.java:1130)
	at java.base/java.util.concurrent.ThreadPoolExecutor$Worker.run(ThreadPoolExecutor.java:630)
	at java.base/java.lang.Thread.run(Thread.java:832)
Caused by: java.util.concurrent.TimeoutException
	at java.base/java.util.concurrent.CompletableFuture.timedGet(CompletableFuture.java:1950)
	at java.base/java.util.concurrent.CompletableFuture.get(CompletableFuture.java:2085)
	at org.openqa.selenium.remote.http.jdk.JdkHttpClient.execute0(JdkHttpClient.java:386)
	... 22 more
... Removed 10 stack frames]]>
    </failure>
  </testcase>
</testsuite>
