<?xml version="1.0" encoding="UTF-8"?>
<testng-results total="2" passed="2" failed="0" skipped="0">
  <reporter-output>
  </reporter-output>
  <suite started-at="2024-04-15T19:53:36Z" name="Suite" finished-at="2024-04-15T19:53:37Z" duration-ms="41">
    <groups>
    </groups>
    <test started-at="2024-04-15T19:53:36Z" name="Test" finished-at="2024-04-15T19:53:37Z" duration-ms="41">
      <class name="test.SampleA3">
        <test-method signature="test05()" started-at="2024-04-15T19:53:36Z" name="test05" finished-at="2024-04-15T19:53:36Z" duration-ms="2" status="PASS">
        </test-method>
      </class>
      <class name="test.SampleA2">
        <test-method signature="test01()" started-at="2024-04-15T19:53:36Z" name="test01" finished-at="2024-04-15T19:53:36Z" duration-ms="18" status="PASS">
        </test-method>
      </class>
    </test>
  </suite>
</testng-results>
