<?xml version="1.0" encoding="UTF-8"?>
<testng-results total="1" passed="1" failed="0" skipped="0">
  <reporter-output>
  </reporter-output>
  <suite started-at="2024-04-12T19:21:31Z" name="Default suite" finished-at="2024-04-12T19:21:31Z" duration-ms="45">
    <groups>
    </groups>
    <test started-at="2024-04-12T19:21:31Z" name="Default test" finished-at="2024-04-12T19:21:31Z" duration-ms="45">
      <class name="testing.SampleA">
        <test-method signature="testCase01()" started-at="2024-04-12T19:21:31Z" name="testCase01" finished-at="2024-04-12T19:21:31Z" duration-ms="23" status="PASS">
        </test-method>
      </class>
    </test>
  </suite>
</testng-results>
