<?xml version="1.0" encoding="UTF-8"?>
<testng-results total="2" passed="2" failed="0" skipped="0">
  <reporter-output>
  </reporter-output>
  <suite started-at="2024-04-12T19:40:55Z" name="Default suite" finished-at="2024-04-12T19:41:02Z" duration-ms="6838">
    <groups>
    </groups>
    <test started-at="2024-04-12T19:40:55Z" name="Default test" finished-at="2024-04-12T19:41:02Z" duration-ms="6838">
      <class name="test.Saucedemo">
        <test-method is-config="true" signature="setup()" started-at="2024-04-12T19:40:55Z" name="setup" finished-at="2024-04-12T19:41:00Z" duration-ms="4758" status="PASS">
        </test-method>
        <test-method signature="testCase01()" started-at="2024-04-12T19:41:00Z" name="testCase01" finished-at="2024-04-12T19:41:01Z" duration-ms="1078" status="PASS">
        </test-method>
        <test-method is-config="true" signature="afterCheck()" started-at="2024-04-12T19:41:01Z" name="afterCheck" finished-at="2024-04-12T19:41:01Z" duration-ms="30" status="PASS">
        </test-method>
        <test-method signature="testCase02()" started-at="2024-04-12T19:41:01Z" name="testCase02" finished-at="2024-04-12T19:41:01Z" duration-ms="201" status="PASS">
        </test-method>
        <test-method is-config="true" signature="afterCheck()" started-at="2024-04-12T19:41:01Z" name="afterCheck" finished-at="2024-04-12T19:41:01Z" duration-ms="18" status="PASS">
        </test-method>
        <test-method is-config="true" signature="closeProject()" started-at="2024-04-12T19:41:01Z" name="closeProject" finished-at="2024-04-12T19:41:02Z" duration-ms="720" status="PASS">
        </test-method>
      </class>
    </test>
  </suite>
</testng-results>
